Electrostatic potential parameters

Grid information (see 1_default_grid.dat in Angstrom)
    Number of grid points:            1085

Quantum electrostatic potential (see 1_default_grid_esp.dat)

Constraints
    Charge constraints
        Total charge of  -0.59060147 on the set   1
        Total charge of  -0.03257685 on the set   3
        Total charge of   0.13971156 on the set   4
        Total charge of  -0.49304459 on the set   5
        Total charge of   0.18633863 on the set   6
        Total charge of  -0.07515936 on the set   7
        Total charge of   0.31715887 on the set   8
        Total charge of  -0.46734520 on the set   9
        Total charge of  -0.06440477 on the set  10
        Total charge of   0.44999764 on the set  11
        Total charge of  -0.54470525 on the set  12
        Total charge of  -0.03409768 on the set  13
        Total charge of   0.40788973 on the set  16
        Total charge of   0.16171289 on the set  19
    Equality constraints
        Equal charges on atoms
                                 17  18
                                 20  21  22
                                 23  24  25

Restraint
    Hyperbolic restraint to a charge of zero
    Hydrogen atoms are not restrained
    resp_a:                           0.0010
    resp_b:                           0.1000

Fit

Electrostatic Potential Charges
   Center  Symbol       ESP      RESP
      1    O      -0.59060147 -0.59060147
      2    C       0.21810522  0.20726820
      3    N      -0.03257685 -0.03257685
      4    C       0.13971156  0.13971156
      5    N      -0.49304459 -0.49304459
      6    C       0.18633863  0.18633863
      7    C      -0.07515936 -0.07515936
      8    C       0.31715887  0.31715887
      9    O      -0.46734520 -0.46734520
     10    N      -0.06440477 -0.06440477
     11    C       0.44999764  0.44999764
     12    O      -0.54470525 -0.54470525
     13    N      -0.03409768 -0.03409768
     14    C      -0.00834320 -0.02042929
     15    C      -0.16772127 -0.12135896
     16    H       0.40788973  0.40788973
     17    H       0.05962981  0.06413302
     18    H       0.05962981  0.06413302
     19    H       0.16171289  0.16171289
     20    H       0.05870027  0.06197346
     21    H       0.05870027  0.06197346
     22    H       0.05870027  0.06197346
     23    H       0.10057489  0.08648648
     24    H       0.10057489  0.08648648
     25    H       0.10057489  0.08648648
Total Charge:     -0.00000000 -0.00000000
